**************** MODEL CONFIGURATION ****************
alpha                    -->   0.1
batch_size               -->   1
bins_discrete            -->   4
bp_every_iters           -->   270
cuda_id                  -->   0
dataset_name             -->   tcga_luad
dims                     -->   512-256-256-1
dropout                  -->   0.6
emb_x20_backbone         -->   capool
emb_x20_dw_conv          -->   False
emb_x20_ksize            -->   3
emb_x5_backbone          -->   conv1d
emb_x5_ksize             -->   5
epochs                   -->   150
es_patience              -->   30
es_start_epoch           -->   0
es_verbose               -->   True
es_warmup                -->   0
experiment               -->   sim
feat_format              -->   pt
fusion                   -->   fusion
join                     -->   post
label_discrete           -->   False
loss                     -->   survple
lr                       -->   1e-05
magnification            -->   [10, 20]
monitor_metrics          -->   ci
no_cuda                  -->   False
num_patch_sampling       -->   -1
num_workers              -->   4
opt                      -->   adam
opt_betas                -->   None
opt_eps                  -->   None
opt_momentum             -->   None
path_coordx5             -->   /work/u6658716/TCGA-LUAD/CLAM/PATCHES/New_LUAD/tiles-10x-s448/patches
path_data_split          -->   ./data_split/tcga_luad/tcga_luad-seed42-fold{}.npz
path_label               -->   ./data_split/tcga_luad/tcga_luad_path_full.csv
path_patchx20            -->   /work/u6658716/TCGA-LUAD/CLAM/PATCHES/New_LUAD/tiles-10x-s448/tiles-20x-s448/feats-CONCH/pt_files
path_patchx5             -->   /work/u6658716/TCGA-LUAD/CLAM/PATCHES/New_LUAD/tiles-10x-s448/feats-CONCH/pt_files
pool                     -->   gap
reg_l1                   -->   1e-05
save_path                -->   ./results-luad-hier/pleloss_10x20x
save_prediction          -->   True
seed                     -->   42
seed_data_split          -->   0
task                     -->   HierSurv
tra_backbone             -->   Transformer
tra_dw_conv              -->   False
tra_epsilon              -->   0.8
tra_ksize                -->   3
tra_nhead                -->   8
tra_num_layers           -->   1
tra_position_emb         -->   True
weight_decay             -->   0.0001
**************** MODEL CONFIGURATION ****************
[setup] seed: 42
[10, 20]
Scale for magnifications [10, 20] is 2
WSIHierNet(
  (patchx20_embedding_layer): CAPoolPatchEmbedding(
    (conv_patch_x5): Conv1dPatchEmbedding(
      (conv): Conv1d(512, 256, kernel_size=(1,), stride=(1,))
    )
    (conv): Conv2d(512, 256, kernel_size=(3, 3), stride=(1, 1), padding=(1, 1))
    (norm): LayerNorm((256,), eps=1e-05, elementwise_affine=True)
    (act): ReLU(inplace=True)
    (cross_att_pool): MultiheadAttention(
      (out_proj): NonDynamicallyQuantizableLinear(in_features=256, out_features=256, bias=True)
    )
  )
  (patchx5_embedding_layer): Conv1dPatchEmbedding(
    (conv): Conv1d(512, 256, kernel_size=(5,), stride=(1,), padding=(2,))
    (norm): LayerNorm((256,), eps=1e-05, elementwise_affine=True)
  )
  (patch_encoder_layer): TransformerEncoder(
    (layers): ModuleList(
      (0): TransformerEncoderLayer(
        (self_attn): MultiheadAttention(
          (out_proj): NonDynamicallyQuantizableLinear(in_features=256, out_features=256, bias=True)
        )
        (linear1): Linear(in_features=256, out_features=256, bias=True)
        (dropout): Dropout(p=0.6, inplace=False)
        (linear2): Linear(in_features=256, out_features=256, bias=True)
        (norm1): LayerNorm((256,), eps=1e-05, elementwise_affine=True)
        (norm2): LayerNorm((256,), eps=1e-05, elementwise_affine=True)
        (dropout1): Dropout(p=0.6, inplace=False)
        (dropout2): Dropout(p=0.6, inplace=False)
      )
    )
  )
  (patch_encoder_layer_parallel): TransformerEncoder(
    (layers): ModuleList(
      (0): TransformerEncoderLayer(
        (self_attn): MultiheadAttention(
          (out_proj): NonDynamicallyQuantizableLinear(in_features=256, out_features=256, bias=True)
        )
        (linear1): Linear(in_features=256, out_features=256, bias=True)
        (dropout): Dropout(p=0.6, inplace=False)
        (linear2): Linear(in_features=256, out_features=256, bias=True)
        (norm1): LayerNorm((256,), eps=1e-05, elementwise_affine=True)
        (norm2): LayerNorm((256,), eps=1e-05, elementwise_affine=True)
        (dropout1): Dropout(p=0.6, inplace=False)
        (dropout2): Dropout(p=0.6, inplace=False)
      )
    )
  )
  (pool): GAPool(
    (fc1): Sequential(
      (0): Linear(in_features=256, out_features=256, bias=True)
      (1): Tanh()
      (2): Dropout(p=0.25, inplace=False)
    )
    (score): Sequential(
      (0): Linear(in_features=256, out_features=256, bias=True)
      (1): Sigmoid()
      (2): Dropout(p=0.25, inplace=False)
    )
    (fc2): Linear(in_features=256, out_features=1, bias=True)
  )
  (out_layer): Sequential(
    (0): Linear(in_features=256, out_features=128, bias=True)
    (1): ReLU(inplace=True)
    (2): Dropout(p=0.6, inplace=False)
    (3): Linear(in_features=128, out_features=1, bias=True)
  )
)
Total number of parameters: 3187458
Total number of trainable parameters: 3187458
[model] Transformer Position Embedding: Yes
[setup] loss: a popular PLE loss in coxph
[setup] L1 loss with coef=1e-05
[setup] optimizer: namespace(lr=1e-05, momentum=None, opt='adam', opt_betas=None, opt_eps=None, weight_decay=0.0001)
[exec] start experiment sim on HierSurv.
[exec] read patient IDs from ./data_split/tcga_luad/tcga_luad-seed42-fold0.npz
[surv label] at patient level
	min/avg/median/max time = 0.0/896.69/658.0/7248.0
	ratio of event = 0.35933806146572106
[surv label] to continuous
Class WSIPatchDataset: #Patients = 270
[surv label] at patient level
	min/avg/median/max time = 0.0/896.69/658.0/7248.0
	ratio of event = 0.35933806146572106
[surv label] to continuous
Class WSIPatchDataset: #Patients = 68
[surv label] at patient level
	min/avg/median/max time = 0.0/896.69/658.0/7248.0
	ratio of event = 0.35933806146572106
[surv label] to continuous
Class WSIPatchDataset: #Patients = 85
[training] 150 epochs, with early stopping on validation.
/home/u6658716/.local/lib/python3.8/site-packages/torch/optim/lr_scheduler.py:60: UserWarning: The verbose parameter is deprecated. Please use get_last_lr() to access the learning rate.
  warnings.warn(
[training epoch] training batch 270, loss: 2.251730
[training] training epoch 1, avg. batch loss: 2.25172997, loss: 1.63498116, c_index: 0.45184
[training] validation epoch 1, loss: 1.15622997, c_index: 0.50670
[training] test epoch 1, loss: 1.35136473, c_index: 0.42409
Validation CIndex increased (0.000 --> 0.507).  Saving model ...
[training epoch] training batch 270, loss: 2.256038
[training] training epoch 2, avg. batch loss: 2.25603819, loss: 1.63937676, c_index: 0.52767
[training] validation epoch 2, loss: 1.15644002, c_index: 0.51897
[training] test epoch 2, loss: 1.35160255, c_index: 0.45036
Validation CIndex increased (0.507 --> 0.519).  Saving model ...
[training epoch] training batch 270, loss: 2.243643
[training] training epoch 3, avg. batch loss: 2.24364305, loss: 1.62706828, c_index: 0.46734
[training] validation epoch 3, loss: 1.15673757, c_index: 0.53348
[training] test epoch 3, loss: 1.35168874, c_index: 0.46934
Validation CIndex increased (0.519 --> 0.533).  Saving model ...
[training epoch] training batch 270, loss: 2.245056
[training] training epoch 4, avg. batch loss: 2.24505591, loss: 1.62856889, c_index: 0.48371
[training] validation epoch 4, loss: 1.15684676, c_index: 0.55022
[training] test epoch 4, loss: 1.35189140, c_index: 0.49197
Validation CIndex increased (0.533 --> 0.550).  Saving model ...
[training epoch] training batch 270, loss: 2.259984
[training] training epoch 5, avg. batch loss: 2.25998425, loss: 1.64358485, c_index: 0.51934
[training] validation epoch 5, loss: 1.15703070, c_index: 0.55469
[training] test epoch 5, loss: 1.35208118, c_index: 0.50876
Validation CIndex increased (0.550 --> 0.555).  Saving model ...
[training epoch] training batch 270, loss: 2.255435
[training] training epoch 6, avg. batch loss: 2.25543523, loss: 1.63912261, c_index: 0.54237
[training] validation epoch 6, loss: 1.15710199, c_index: 0.55692
[training] test epoch 6, loss: 1.35239160, c_index: 0.52701
Validation CIndex increased (0.555 --> 0.557).  Saving model ...
[training epoch] training batch 270, loss: 2.255060
[training] training epoch 7, avg. batch loss: 2.25505972, loss: 1.63883448, c_index: 0.54229
[training] validation epoch 7, loss: 1.15718818, c_index: 0.54911
[training] test epoch 7, loss: 1.35273719, c_index: 0.53869
EarlyStopping counter: 1 out of 30
[training epoch] training batch 270, loss: 2.249552
[training] training epoch 8, avg. batch loss: 2.24955249, loss: 1.63341427, c_index: 0.51832
[training] validation epoch 8, loss: 1.15733445, c_index: 0.55246
[training] test epoch 8, loss: 1.35309422, c_index: 0.54891
EarlyStopping counter: 2 out of 30
[training epoch] training batch 270, loss: 2.238543
[training] training epoch 9, avg. batch loss: 2.23854303, loss: 1.62249243, c_index: 0.46031
[training] validation epoch 9, loss: 1.15756369, c_index: 0.56027
[training] test epoch 9, loss: 1.35344768, c_index: 0.56058
Validation CIndex increased (0.557 --> 0.560).  Saving model ...
[training epoch] training batch 270, loss: 2.247053
[training] training epoch 10, avg. batch loss: 2.24705267, loss: 1.63109040, c_index: 0.46640
[training] validation epoch 10, loss: 1.15778434, c_index: 0.57366
[training] test epoch 10, loss: 1.35377920, c_index: 0.55912
Validation CIndex increased (0.560 --> 0.574).  Saving model ...
[training epoch] training batch 270, loss: 2.252929
[training] training epoch 11, avg. batch loss: 2.25292873, loss: 1.63705492, c_index: 0.55830
[training] validation epoch 11, loss: 1.15787578, c_index: 0.57812
[training] test epoch 11, loss: 1.35407710, c_index: 0.57226
Validation CIndex increased (0.574 --> 0.578).  Saving model ...
[training epoch] training batch 270, loss: 2.239928
[training] training epoch 12, avg. batch loss: 2.23992825, loss: 1.62414253, c_index: 0.50384
[training] validation epoch 12, loss: 1.15793133, c_index: 0.58482
[training] test epoch 12, loss: 1.35430932, c_index: 0.57518
Validation CIndex increased (0.578 --> 0.585).  Saving model ...
[training epoch] training batch 270, loss: 2.242249
[training] training epoch 13, avg. batch loss: 2.24224901, loss: 1.62655246, c_index: 0.46640
[training] validation epoch 13, loss: 1.15794015, c_index: 0.58594
[training] test epoch 13, loss: 1.35441279, c_index: 0.57445
Validation CIndex increased (0.585 --> 0.586).  Saving model ...
[training epoch] training batch 270, loss: 2.243718
[training] training epoch 14, avg. batch loss: 2.24371839, loss: 1.62806618, c_index: 0.53433
[training] validation epoch 14, loss: 1.15791643, c_index: 0.57924
[training] test epoch 14, loss: 1.35445762, c_index: 0.57372
EarlyStopping counter: 3 out of 30
[training epoch] training batch 270, loss: 2.241381
[training] training epoch 15, avg. batch loss: 2.24138141, loss: 1.62577415, c_index: 0.43540
[training] validation epoch 15, loss: 1.15795708, c_index: 0.58259
[training] test epoch 15, loss: 1.35453081, c_index: 0.57299
EarlyStopping counter: 4 out of 30
[training epoch] training batch 270, loss: 2.243262
[training] training epoch 16, avg. batch loss: 2.24326181, loss: 1.62769949, c_index: 0.48667
[training] validation epoch 16, loss: 1.15798163, c_index: 0.58036
[training] test epoch 16, loss: 1.35460854, c_index: 0.57737
EarlyStopping counter: 5 out of 30
[training epoch] training batch 270, loss: 2.242275
[training] training epoch 17, avg. batch loss: 2.24227548, loss: 1.62675810, c_index: 0.50442
[training] validation epoch 17, loss: 1.15805781, c_index: 0.58482
[training] test epoch 17, loss: 1.35465562, c_index: 0.58029
EarlyStopping counter: 6 out of 30
[training epoch] training batch 270, loss: 2.232342
[training] training epoch 18, avg. batch loss: 2.23234248, loss: 1.61687028, c_index: 0.47212
[training] validation epoch 18, loss: 1.15814567, c_index: 0.57812
[training] test epoch 18, loss: 1.35470402, c_index: 0.58248
EarlyStopping counter: 7 out of 30
[training epoch] training batch 270, loss: 2.232144
[training] training epoch 19, avg. batch loss: 2.23214388, loss: 1.61671698, c_index: 0.53838
[training] validation epoch 19, loss: 1.15822423, c_index: 0.57924
[training] test epoch 19, loss: 1.35476828, c_index: 0.58321
EarlyStopping counter: 8 out of 30
[training epoch] training batch 270, loss: 2.238590
[training] training epoch 20, avg. batch loss: 2.23859024, loss: 1.62320900, c_index: 0.48349
[training] validation epoch 20, loss: 1.15824616, c_index: 0.57812
[training] test epoch 20, loss: 1.35482132, c_index: 0.58248
EarlyStopping counter: 9 out of 30
[training epoch] training batch 270, loss: 2.242501
[training] training epoch 21, avg. batch loss: 2.24250126, loss: 1.62716579, c_index: 0.54367
[training] validation epoch 21, loss: 1.15825927, c_index: 0.57589
[training] test epoch 21, loss: 1.35486686, c_index: 0.58394
EarlyStopping counter: 10 out of 30
[training epoch] training batch 270, loss: 2.241718
[training] training epoch 22, avg. batch loss: 2.24171829, loss: 1.62642848, c_index: 0.50311
[training] validation epoch 22, loss: 1.15830791, c_index: 0.57366
[training] test epoch 22, loss: 1.35488343, c_index: 0.58175
EarlyStopping counter: 11 out of 30
[training epoch] training batch 270, loss: 2.231716
[training] training epoch 23, avg. batch loss: 2.23171592, loss: 1.61647189, c_index: 0.47306
[training] validation epoch 23, loss: 1.15835989, c_index: 0.57701
[training] test epoch 23, loss: 1.35488594, c_index: 0.57883
EarlyStopping counter: 12 out of 30
[training epoch] training batch 270, loss: 2.231452
[training] training epoch 24, avg. batch loss: 2.23145223, loss: 1.61625421, c_index: 0.50833
[training] validation epoch 24, loss: 1.15838110, c_index: 0.57701
[training] test epoch 24, loss: 1.35489130, c_index: 0.58102
EarlyStopping counter: 13 out of 30
[training epoch] training batch 270, loss: 2.235667
[training] training epoch 25, avg. batch loss: 2.23566699, loss: 1.62049186, c_index: 0.49899
[training] validation epoch 25, loss: 1.15839732, c_index: 0.57589
[training] test epoch 25, loss: 1.35489738, c_index: 0.58102
EarlyStopping counter: 14 out of 30
[training epoch] training batch 270, loss: 2.233543
[training] training epoch 26, avg. batch loss: 2.23354268, loss: 1.61839080, c_index: 0.46734
[training] validation epoch 26, loss: 1.15841556, c_index: 0.57701
[training] test epoch 26, loss: 1.35491776, c_index: 0.58102
EarlyStopping counter: 15 out of 30
[training epoch] training batch 270, loss: 2.232586
[training] training epoch 27, avg. batch loss: 2.23258591, loss: 1.61745751, c_index: 0.48682
[training] validation epoch 27, loss: 1.15841448, c_index: 0.57812
[training] test epoch 27, loss: 1.35494590, c_index: 0.58029
EarlyStopping counter: 16 out of 30
[training epoch] training batch 270, loss: 2.233106
[training] training epoch 28, avg. batch loss: 2.23310566, loss: 1.61800051, c_index: 0.51999
[training] validation epoch 28, loss: 1.15842128, c_index: 0.57812
[training] test epoch 28, loss: 1.35496438, c_index: 0.58029
EarlyStopping counter: 17 out of 30
[training epoch] training batch 270, loss: 2.240341
[training] training epoch 29, avg. batch loss: 2.24034142, loss: 1.62525940, c_index: 0.46929
[training] validation epoch 29, loss: 1.15843105, c_index: 0.57478
[training] test epoch 29, loss: 1.35498130, c_index: 0.57956
EarlyStopping counter: 18 out of 30
[training epoch] training batch 270, loss: 2.236163
[training] training epoch 30, avg. batch loss: 2.23616338, loss: 1.62110484, c_index: 0.47632
[training] validation epoch 30, loss: 1.15842605, c_index: 0.57701
[training] test epoch 30, loss: 1.35501552, c_index: 0.58248
EarlyStopping counter: 19 out of 30
[training epoch] training batch 270, loss: 2.230677
[training] training epoch 31, avg. batch loss: 2.23067737, loss: 1.61564219, c_index: 0.52289
[training] validation epoch 31, loss: 1.15841794, c_index: 0.57701
[training] test epoch 31, loss: 1.35504758, c_index: 0.58248
EarlyStopping counter: 20 out of 30
[training epoch] training batch 270, loss: 2.233289
[training] training epoch 32, avg. batch loss: 2.23328876, loss: 1.61827695, c_index: 0.45944
[training] validation epoch 32, loss: 1.15839875, c_index: 0.57924
[training] test epoch 32, loss: 1.35507393, c_index: 0.58394
EarlyStopping counter: 21 out of 30
[training epoch] training batch 270, loss: 2.227711
[training] training epoch 33, avg. batch loss: 2.22771144, loss: 1.61272323, c_index: 0.47567
[training] validation epoch 33, loss: 1.15836430, c_index: 0.58036
[training] test epoch 33, loss: 1.35509193, c_index: 0.58394
EarlyStopping counter: 22 out of 30
[training epoch] training batch 270, loss: 2.235644
[training] training epoch 34, avg. batch loss: 2.23564434, loss: 1.62067962, c_index: 0.52767
[training] validation epoch 34, loss: 1.15835428, c_index: 0.58259
[training] test epoch 34, loss: 1.35510981, c_index: 0.58467
EarlyStopping counter: 23 out of 30
[training epoch] training batch 270, loss: 2.237683
[training] training epoch 35, avg. batch loss: 2.23768282, loss: 1.62274158, c_index: 0.50739
[training] validation epoch 35, loss: 1.15835488, c_index: 0.58147
[training] test epoch 35, loss: 1.35512447, c_index: 0.58613
EarlyStopping counter: 24 out of 30
[training epoch] training batch 270, loss: 2.232759
[training] training epoch 36, avg. batch loss: 2.23275900, loss: 1.61782968, c_index: 0.53143
[training] validation epoch 36, loss: 1.15836203, c_index: 0.58147
[training] test epoch 36, loss: 1.35513926, c_index: 0.58613
EarlyStopping counter: 25 out of 30
[training epoch] training batch 270, loss: 2.232307
[training] training epoch 37, avg. batch loss: 2.23230743, loss: 1.61738992, c_index: 0.46031
[training] validation epoch 37, loss: 1.15836954, c_index: 0.58147
[training] test epoch 37, loss: 1.35515714, c_index: 0.58686
EarlyStopping counter: 26 out of 30
[training epoch] training batch 270, loss: 2.231028
[training] training epoch 38, avg. batch loss: 2.23102784, loss: 1.61612201, c_index: 0.46459
[training] validation epoch 38, loss: 1.15837669, c_index: 0.58259
[training] test epoch 38, loss: 1.35517859, c_index: 0.58613
EarlyStopping counter: 27 out of 30
[training epoch] training batch 270, loss: 2.238809
[training] training epoch 39, avg. batch loss: 2.23880911, loss: 1.62391508, c_index: 0.55446
[training] validation epoch 39, loss: 1.15838301, c_index: 0.58259
[training] test epoch 39, loss: 1.35519707, c_index: 0.58686
EarlyStopping counter: 28 out of 30
[training epoch] training batch 270, loss: 2.236319
[training] training epoch 40, avg. batch loss: 2.23631907, loss: 1.62143695, c_index: 0.54258
[training] validation epoch 40, loss: 1.15838289, c_index: 0.58147
[training] test epoch 40, loss: 1.35521483, c_index: 0.58686
EarlyStopping counter: 29 out of 30
[training epoch] training batch 270, loss: 2.235659
[training] training epoch 41, avg. batch loss: 2.23565912, loss: 1.62078881, c_index: 0.50507
[training] validation epoch 41, loss: 1.15837348, c_index: 0.58147
[training] test epoch 41, loss: 1.35523379, c_index: 0.58832
EarlyStopping counter: 30 out of 30
/work/u6658716/TCGA-LUAD/DSCA/model/model_handler.py:270: FutureWarning: You are using `torch.load` with `weights_only=False` (the current default value), which uses the default pickle module implicitly. It is possible to construct malicious pickle data which will execute arbitrary code during unpickling (See https://github.com/pytorch/pytorch/blob/main/SECURITY.md#untrusted-models for more details). In a future release, the default value for `weights_only` will be flipped to `True`. This limits the functions that could be executed during unpickling. Arbitrary objects will no longer be allowed to be loaded via this mode unless they are explicitly allowlisted by the user via `torch.serialization.add_safe_globals`. We recommend you start setting `weights_only=True` for any use case where you don't have full control of the loaded file. Please open an issue on GitHub for any issues related to this experimental feature.
  model.load_state_dict(torch.load(checkpoint))
(270, 1) (270, 1)
/work/u6658716/TCGA-LUAD/DSCA/model/model_handler.py:270: FutureWarning: You are using `torch.load` with `weights_only=False` (the current default value), which uses the default pickle module implicitly. It is possible to construct malicious pickle data which will execute arbitrary code during unpickling (See https://github.com/pytorch/pytorch/blob/main/SECURITY.md#untrusted-models for more details). In a future release, the default value for `weights_only` will be flipped to `True`. This limits the functions that could be executed during unpickling. Arbitrary objects will no longer be allowed to be loaded via this mode unless they are explicitly allowlisted by the user via `torch.serialization.add_safe_globals`. We recommend you start setting `weights_only=True` for any use case where you don't have full control of the loaded file. Please open an issue on GitHub for any issues related to this experimental feature.
  model.load_state_dict(torch.load(checkpoint))
(68, 1) (68, 1)
/work/u6658716/TCGA-LUAD/DSCA/model/model_handler.py:270: FutureWarning: You are using `torch.load` with `weights_only=False` (the current default value), which uses the default pickle module implicitly. It is possible to construct malicious pickle data which will execute arbitrary code during unpickling (See https://github.com/pytorch/pytorch/blob/main/SECURITY.md#untrusted-models for more details). In a future release, the default value for `weights_only` will be flipped to `True`. This limits the functions that could be executed during unpickling. Arbitrary objects will no longer be allowed to be loaded via this mode unless they are explicitly allowlisted by the user via `torch.serialization.add_safe_globals`. We recommend you start setting `weights_only=True` for any use case where you don't have full control of the loaded file. Please open an issue on GitHub for any issues related to this experimental feature.
  model.load_state_dict(torch.load(checkpoint))
(85, 1) (85, 1)
[INFO] Metrics: {'train': [('cindex', 0.4991309385863268), ('loss', tensor(1.6149))], 'validation': [('cindex', 0.5859375), ('loss', tensor(1.1579))], 'test': [('cindex', 0.5744525547445255), ('loss', tensor(1.3544))]}
